<?xml version="1.0" encoding="UTF-8"?>
<!-- Generated by org.testng.reporters.JUnitReportReporter -->
<testsuite hostname="DESKTOP-2J2UDC6" failures="0" tests="1" name="Testng.TakeScreenshotExTest" time="85.841" errors="0" timestamp="2025-08-01T13:49:58 IST" skipped="0">
  <testcase classname="Testng.TakeScreenshotExTest" name="ml" time="85.841"/>
</testsuite> <!-- Testng.TakeScreenshotExTest -->
