<?xml version="1.0" encoding="UTF-8"?>
<!-- Generated by org.testng.reporters.JUnitReportReporter -->
<testsuite hostname="DESKTOP-2J2UDC6" failures="0" tests="3" name="Testng.Sample2Test" time="0.475" errors="0" timestamp="2025-07-30T13:26:53 IST" skipped="1">
  <testcase classname="Testng.Sample2Test" name="productmodifier" time="0.007"/>
  <testcase classname="Testng.Sample2Test" name="product" time="0.468"/>
  <testcase classname="Testng.Sample2Test" name="deleteProduc">
    <skipped/>
  </testcase> <!-- deleteProduc -->
</testsuite> <!-- Testng.Sample2Test -->
