<?xml version="1.0" encoding="UTF-8"?>
<!-- Generated by org.testng.reporters.JUnitReportReporter -->
<testsuite hostname="DESKTOP-2J2UDC6" failures="0" tests="3" name="Testng.DataroviderEx" time="0.071" errors="0" timestamp="2025-07-31T14:00:07 IST" skipped="0">
  <testcase classname="Testng.DataroviderEx" name="bookingTickets" time="0.013"/>
  <testcase classname="Testng.DataroviderEx" name="bookingTickets" time="0.051"/>
  <testcase classname="Testng.DataroviderEx" name="bookingTickets" time="0.007"/>
</testsuite> <!-- Testng.DataroviderEx -->
