<?xml version="1.0" encoding="UTF-8"?>
<!-- Generated by org.testng.reporters.JUnitReportReporter -->
<testsuite hostname="DESKTOP-2J2UDC6" failures="0" tests="3" name="Testng.DataProviderEx" time="0.074" errors="0" timestamp="2025-07-31T15:49:32 IST" skipped="0">
  <testcase classname="Testng.DataProviderEx" name="bookingTickets" time="0.045"/>
  <testcase classname="Testng.DataProviderEx" name="bookingTickets" time="0.008"/>
  <testcase classname="Testng.DataProviderEx" name="bookingTickets" time="0.021"/>
</testsuite> <!-- Testng.DataProviderEx -->
