<?xml version="1.0" encoding="UTF-8"?>
<!-- Generated by org.testng.reporters.JUnitReportReporter -->
<testsuite hostname="DESKTOP-2J2UDC6" failures="0" tests="1" name="Testng.SampleTest" time="0.108" errors="0" timestamp="2025-07-28T23:22:11 IST" skipped="0">
  <testcase classname="Testng.SampleTest" name="ml" time="0.108"/>
</testsuite> <!-- Testng.SampleTest -->
