<?xml version="1.0" encoding="UTF-8"?>
<!-- Generated by org.testng.reporters.JUnitReportReporter -->
<testsuite hostname="DESKTOP-2J2UDC6" failures="0" tests="1" name="AdvanceScenarios.HandlingDropDownUsingKeysTest" time="30.356" errors="0" timestamp="2025-07-31T15:49:32 IST" skipped="0">
  <testcase classname="AdvanceScenarios.HandlingDropDownUsingKeysTest" name="handlingDropDownUsingKeysTest" time="30.356"/>
</testsuite> <!-- AdvanceScenarios.HandlingDropDownUsingKeysTest -->
