<?xml version="1.0" encoding="UTF-8"?>
<!-- Generated by org.testng.reporters.JUnitReportReporter -->
<testsuite hostname="DESKTOP-2J2UDC6" failures="0" tests="1" name="Testng.TakeScreenshotEx2Test" time="39.383" errors="0" timestamp="2025-08-01T13:55:31 IST" skipped="0">
  <testcase classname="Testng.TakeScreenshotEx2Test" name="m1" time="39.383"/>
</testsuite> <!-- Testng.TakeScreenshotEx2Test -->
