<?xml version="1.0" encoding="UTF-8"?>
<!-- Generated by org.testng.reporters.JUnitReportReporter -->
<testsuite hostname="DESKTOP-2J2UDC6" failures="0" tests="1" name="AdvanceScenarios.HandlingAutoSuggestionEx1Test" time="81.021" errors="0" timestamp="2025-07-31T14:08:57 IST" skipped="0">
  <testcase classname="AdvanceScenarios.HandlingAutoSuggestionEx1Test" name="handlingAutoSuggestionEx1Test" time="81.021"/>
</testsuite> <!-- AdvanceScenarios.HandlingAutoSuggestionEx1Test -->
